c:\users\nahte\source\repos\rogue\rogue\debug\rogue.pch
c:\users\nahte\source\repos\rogue\rogue\debug\vc142.pdb
c:\users\nahte\source\repos\rogue\rogue\debug\vc142.idb
c:\users\nahte\source\repos\rogue\rogue\debug\pch.obj
c:\users\nahte\source\repos\rogue\rogue\debug\dishwashersim.obj
c:\users\nahte\source\repos\rogue\rogue\debug\player.obj
c:\users\nahte\source\repos\rogue\rogue\debug\object.obj
c:\users\nahte\source\repos\rogue\rogue\debug\enemy.obj
c:\users\nahte\source\repos\rogue\rogue\debug\eai.obj
c:\users\nahte\source\repos\rogue\rogue\debug\dish.obj
c:\users\nahte\source\repos\rogue\rogue\debug\bitflag.obj
c:\users\nahte\source\repos\rogue\debug\rogue.exe
c:\users\nahte\source\repos\rogue\debug\rogue.ilk
c:\users\nahte\source\repos\rogue\debug\rogue.pdb
c:\users\nahte\source\repos\rogue\rogue\debug\rogue.tlog\cl.command.1.tlog
c:\users\nahte\source\repos\rogue\rogue\debug\rogue.tlog\cl.read.1.tlog
c:\users\nahte\source\repos\rogue\rogue\debug\rogue.tlog\cl.write.1.tlog
c:\users\nahte\source\repos\rogue\rogue\debug\rogue.tlog\link.command.1.tlog
c:\users\nahte\source\repos\rogue\rogue\debug\rogue.tlog\link.read.1.tlog
c:\users\nahte\source\repos\rogue\rogue\debug\rogue.tlog\link.write.1.tlog
