  eAI.cpp
C:\Users\nahte\source\repos\Rogue\Rogue\Object.h(24,15): warning C4244:  'argument': conversion from 'double' to 'int', possible loss of data
  Enemy.cpp
C:\Users\nahte\source\repos\Rogue\Rogue\Object.h(24,9): warning C4244:  'argument': conversion from 'double' to 'int', possible loss of data
C:\Users\nahte\source\repos\Rogue\Rogue\Enemy.h(4,30): error C2504:  'Object': base class undefined
C:\Users\nahte\source\repos\Rogue\Rogue\Enemy.h(9,20): error C2061:  syntax error: identifier 'Object'
C:\Users\nahte\source\repos\Rogue\Rogue\Object.h(24,15): warning C4244:  'argument': conversion from 'double' to 'int', possible loss of data
C:\Users\nahte\source\repos\Rogue\Rogue\Object.h(24,9): warning C4244:  'argument': conversion from 'double' to 'int', possible loss of data
C:\Users\nahte\source\repos\Rogue\Rogue\Enemy.cpp(6,24): error C2597:  illegal reference to non-static member 'Object::xPos'
C:\Users\nahte\source\repos\Rogue\Rogue\Enemy.cpp(6): message :  see declaration of 'Object::xPos'
C:\Users\nahte\source\repos\Rogue\Rogue\Enemy.cpp(7,24): error C2597:  illegal reference to non-static member 'Object::yPos'
C:\Users\nahte\source\repos\Rogue\Rogue\Enemy.cpp(7): message :  see declaration of 'Object::yPos'
C:\Users\nahte\source\repos\Rogue\Rogue\Enemy.cpp(15,35): error C2511:  'void Enemy::_move(Object)': overloaded member function not found in 'Enemy'
  Object.cpp
C:\Users\nahte\source\repos\Rogue\Rogue\Enemy.h(4): message :  see declaration of 'Enemy'
C:\Users\nahte\source\repos\Rogue\Rogue\Object.h(24,15): warning C4244:  'argument': conversion from 'double' to 'int', possible loss of data
  Player.cpp
C:\Users\nahte\source\repos\Rogue\Rogue\Object.h(24,9): warning C4244:  'argument': conversion from 'double' to 'int', possible loss of data
C:\Users\nahte\source\repos\Rogue\Rogue\Object.h(24,15): warning C4244:  'argument': conversion from 'double' to 'int', possible loss of data
C:\Users\nahte\source\repos\Rogue\Rogue\Object.h(24,9): warning C4244:  'argument': conversion from 'double' to 'int', possible loss of data
C:\Users\nahte\source\repos\Rogue\Rogue\Array.hpp(15,1): error C2533:  'Array<T>': constructors not allowed a return type
C:\Users\nahte\source\repos\Rogue\Rogue\Array.hpp(56): message :  see reference to class template instantiation 'Array<T>' being compiled
C:\Users\nahte\source\repos\Rogue\Rogue\Array.hpp(188,5): error C3861:  'temp_loc': identifier not found
C:\Users\nahte\source\repos\Rogue\Rogue\Array.hpp(193,5): error C3861:  'temp_loc': identifier not found
C:\Users\nahte\source\repos\Rogue\Rogue\Array.hpp(206,18): error C3861:  'temp_loc': identifier not found
C:\Users\nahte\source\repos\Rogue\Rogue\Array.hpp(208,12): error C3861:  'temp_loc': identifier not found
C:\Users\nahte\source\repos\Rogue\Rogue\Array.hpp(210,1): error C2059:  syntax error: '}'
C:\Users\nahte\source\repos\Rogue\Rogue\Array.hpp(210,1): error C2143:  syntax error: missing ';' before '}'
C:\Users\nahte\source\repos\Rogue\Rogue\Player.h(5,16): error C2059:  syntax error: 'public'
C:\Users\nahte\source\repos\Rogue\Rogue\Player.h(5,29): error C2143:  syntax error: missing ';' before '{'
C:\Users\nahte\source\repos\Rogue\Rogue\Player.h(5,29): error C2447:  '{': missing function header (old-style formal list?)
C:\Users\nahte\source\repos\Rogue\Rogue\Player.cpp(10,16): error C2653:  'Player': is not a class or namespace name
C:\Users\nahte\source\repos\Rogue\Rogue\Player.cpp(10,16): error C2523:  '<Unknown>::~Player': destructor tag mismatch
C:\Users\nahte\source\repos\Rogue\Rogue\Player.cpp(10,18): error C4430:  missing type specifier - int assumed. Note: C++ does not support default-int
C:\Users\nahte\source\repos\Rogue\Rogue\Player.cpp(11,1): warning C4508:  'Player': function should return a value; 'void' return type assumed
C:\Users\nahte\source\repos\Rogue\Rogue\Player.cpp(12,18): error C2653:  'Player': is not a class or namespace name
C:\Users\nahte\source\repos\Rogue\Rogue\Player.cpp(16,14): error C2065:  'xPos': undeclared identifier
C:\Users\nahte\source\repos\Rogue\Rogue\Player.cpp(16,24): error C2065:  'yPos': undeclared identifier
C:\Users\nahte\source\repos\Rogue\Rogue\Player.cpp(17,4): error C2355:  'this': can only be referenced inside non-static member functions or non-static data member initializers
C:\Users\nahte\source\repos\Rogue\Rogue\Player.cpp(18,4): error C2355:  'this': can only be referenced inside non-static member functions or non-static data member initializers
C:\Users\nahte\source\repos\Rogue\Rogue\Player.cpp(22,14): error C2065:  'xPos': undeclared identifier
C:\Users\nahte\source\repos\Rogue\Rogue\Player.cpp(22,24): error C2065:  'yPos': undeclared identifier
C:\Users\nahte\source\repos\Rogue\Rogue\Player.cpp(23,4): error C2355:  'this': can only be referenced inside non-static member functions or non-static data member initializers
C:\Users\nahte\source\repos\Rogue\Rogue\Player.cpp(27,14): error C2065:  'xPos': undeclared identifier
C:\Users\nahte\source\repos\Rogue\Rogue\Player.cpp(27,20): error C2065:  'yPos': undeclared identifier
C:\Users\nahte\source\repos\Rogue\Rogue\Player.cpp(28,4): error C2065:  'yPos': undeclared identifier
C:\Users\nahte\source\repos\Rogue\Rogue\Player.cpp(32,14): error C2065:  'xPos': undeclared identifier
C:\Users\nahte\source\repos\Rogue\Rogue\Player.cpp(32,20): error C2065:  'yPos': undeclared identifier
C:\Users\nahte\source\repos\Rogue\Rogue\Player.cpp(33,4): error C2065:  'yPos': undeclared identifier
C:\Users\nahte\source\repos\Rogue\Rogue\Player.cpp(39,15): error C2065:  'xPos': undeclared identifier
  DishWasherSim.cpp
C:\Users\nahte\source\repos\Rogue\Rogue\Player.cpp(39,21): error C2065:  'yPos': undeclared identifier
C:\Users\nahte\source\repos\Rogue\Rogue\Object.h(24,15): warning C4244:  'argument': conversion from 'double' to 'int', possible loss of data
C:\Users\nahte\source\repos\Rogue\Rogue\Object.h(24,9): warning C4244:  'argument': conversion from 'double' to 'int', possible loss of data
C:\Users\nahte\source\repos\Rogue\Rogue\Array.hpp(15,1): error C2533:  'Array<T>': constructors not allowed a return type
C:\Users\nahte\source\repos\Rogue\Rogue\Array.hpp(56): message :  see reference to class template instantiation 'Array<T>' being compiled
C:\Program Files (x86)\Microsoft Visual Studio\2019\Community\VC\Tools\MSVC\14.21.27702\include\chrono(595): message :  see reference to class template instantiation 'std::chrono::duration<double,std::ratio<1,1>>' being compiled
C:\Program Files (x86)\Microsoft Visual Studio\2019\Community\VC\Tools\MSVC\14.21.27702\include\chrono(172): message :  see reference to class template instantiation 'std::chrono::duration<__int64,std::nano>' being compiled
C:\Program Files (x86)\Microsoft Visual Studio\2019\Community\VC\Tools\MSVC\14.21.27702\include\chrono(574): message :  see reference to class template instantiation 'std::chrono::time_point<std::chrono::steady_clock,std::chrono::steady_clock::duration>' being compiled
C:\Users\nahte\source\repos\Rogue\Rogue\Array.hpp(188,5): error C3861:  'temp_loc': identifier not found
C:\Users\nahte\source\repos\Rogue\Rogue\Array.hpp(193,5): error C3861:  'temp_loc': identifier not found
C:\Users\nahte\source\repos\Rogue\Rogue\Array.hpp(206,18): error C3861:  'temp_loc': identifier not found
C:\Users\nahte\source\repos\Rogue\Rogue\Array.hpp(208,12): error C3861:  'temp_loc': identifier not found
C:\Users\nahte\source\repos\Rogue\Rogue\Array.hpp(210,1): error C2059:  syntax error: '}'
C:\Users\nahte\source\repos\Rogue\Rogue\Array.hpp(210,1): error C2143:  syntax error: missing ';' before '}'
C:\Users\nahte\source\repos\Rogue\Rogue\Player.h(5,16): error C2059:  syntax error: 'public'
C:\Users\nahte\source\repos\Rogue\Rogue\Player.h(5,29): error C2143:  syntax error: missing ';' before '{'
C:\Users\nahte\source\repos\Rogue\Rogue\Player.h(5,29): error C2447:  '{': missing function header (old-style formal list?)
C:\Users\nahte\source\repos\Rogue\Rogue\DishWasherSim.cpp(21,2): error C2065:  'Player': undeclared identifier
C:\Users\nahte\source\repos\Rogue\Rogue\DishWasherSim.cpp(21,9): error C2146:  syntax error: missing ';' before identifier 'p'
C:\Users\nahte\source\repos\Rogue\Rogue\DishWasherSim.cpp(21,9): error C2065:  'p': undeclared identifier
  Generating Code...
C:\Users\nahte\source\repos\Rogue\Rogue\DishWasherSim.cpp(36,3): error C2065:  'p': undeclared identifier
